
 INFO Server running on [http://127.0.0.1:8765]. 

 Press Ctrl+C to stop the server

 2026-06-24 22:08:54 .. ~ 0.21ms
 2026-06-24 22:09:26 /register/3hk_VTIa1fi6eF7YfXgUEaPbgs1f8tbmiOy8jcUk-OU  ~ 2s
 2026-06-24 22:09:29 /register/3hk_VTIa1fi6eF7YfXgUEaPbgs1f8tbmiOy8jcUk-OU  ~ 0.03ms
 2026-06-24 22:09:33 /register/3hk_VTIa1fi6eF7YfXgUEaPbgs1f8tbmiOy8jcUk-OU  ~ 0.16ms
 2026-06-24 22:09:33 /dashboard .. ~ 0.22ms
 2026-06-24 22:09:33 /build/assets/app-Dos8lyPe.css .. ~ 0.07ms
 2026-06-24 22:09:33 /build/assets/app-BjBB2vGm.js .. ~ 0.19ms
 2026-06-24 22:09:33 /images/brand/logo-horizontal.svg .. ~ 0.30ms
 2026-06-24 22:09:42 /register/3hk_VTIa1fi6eF7YfXgUEaPbgs1f8tbmiOy8jcUk-OU  ~ 0.08ms
 2026-06-24 22:09:42 /dashboard .. ~ 0.02ms
 2026-06-24 22:09:42 /build/assets/app-Dos8lyPe.css .. ~ 0.02ms
 2026-06-24 22:09:42 /build/assets/app-BjBB2vGm.js .. ~ 0.02ms
 2026-06-24 22:09:42 /images/brand/logo-horizontal.svg .. ~ 0.09ms
 2026-06-24 22:09:43 /build/assets/app-Dos8lyPe.css .. ~ 0.02ms
 2026-06-24 22:09:53 /register/3hk_VTIa1fi6eF7YfXgUEaPbgs1f8tbmiOy8jcUk-OU  ~ 0.09ms
 2026-06-24 22:09:58 /register/3hk_VTIa1fi6eF7YfXgUEaPbgs1f8tbmiOy8jcUk-OU  ~ 0.09ms
 2026-06-24 22:10:03 /register/3hk_VTIa1fi6eF7YfXgUEaPbgs1f8tbmiOy8jcUk-OU  ~ 0.14ms
 2026-06-24 22:10:03 /dashboard .. ~ 0.10ms
 2026-06-24 22:10:03 /build/assets/app-Dos8lyPe.css .. ~ 0.12ms
 2026-06-24 22:10:03 /build/assets/app-BjBB2vGm.js .. ~ 0.34ms
 2026-06-24 22:10:03 /images/brand/logo-horizontal.svg .. ~ 0.56ms
 2026-06-24 22:10:03 /build/assets/app-Dos8lyPe.css .. ~ 0.14ms
 2026-06-24 22:10:17 /register/3hk_VTIa1fi6eF7YfXgUEaPbgs1f8tbmiOy8jcUk-OU  ~ 502.83ms
 2026-06-24 22:10:26 /register/3hk_VTIa1fi6eF7YfXgUEaPbgs1f8tbmiOy8jcUk-OU  ~ 0.12ms
 2026-06-24 22:12:12 /register/3hk_VTIa1fi6eF7YfXgUEaPbgs1f8tbmiOy8jcUk-OU  ~ 1.24ms
 2026-06-24 22:12:12 /build/assets/app-Dos8lyPe.css .. ~ 1.88ms
 2026-06-24 22:12:13 /build/assets/app-BjBB2vGm.js .. ~ 0.13ms
 2026-06-24 22:12:13 /images/brand/banner.svg .. ~ 0.44ms
 2026-06-24 22:12:13 /images/brand/logo-horizontal.svg .. ~ 0.66ms
 2026-06-24 22:12:42 /livewire/update .. ~ 0.09ms
 2026-06-24 22:12:42 /livewire/update .. ~ 0.02ms
 2026-06-24 22:12:43 /livewire/update .. ~ 0.08ms
 2026-06-24 22:12:43 /livewire/update .. ~ 0.02ms
 2026-06-24 22:12:44 /livewire/update .. ~ 0.07ms
 2026-06-24 22:12:44 /livewire/update .. ~ 0.14ms
 2026-06-24 22:12:44 /livewire/update .. ~ 0.09ms
 2026-06-24 22:12:44 /livewire/update .. ~ 0.07ms
 2026-06-24 22:12:44 /livewire/update .. ~ 0.14ms
 2026-06-24 22:12:45 /livewire/update .. ~ 0.14ms
 2026-06-24 22:12:45 /livewire/update .. ~ 0.26ms
 2026-06-24 22:12:46 /livewire/update .. ~ 0.08ms
 2026-06-24 22:12:46 /livewire/update .. ~ 0.07ms
 2026-06-24 22:12:46 /livewire/update .. ~ 0.06ms
 2026-06-24 22:12:46 /livewire/update .. ~ 0.02ms
 2026-06-24 22:12:46 /livewire/update .. ~ 0.06ms
 2026-06-24 22:13:05 /livewire/update .. ~ 503.18ms
 2026-06-24 22:13:06 /livewire/update .. ~ 0.08ms
 2026-06-24 22:13:07 /livewire/update .. ~ 0.07ms
 2026-06-24 22:13:07 /livewire/update .. ~ 0.07ms
 2026-06-24 22:13:07 /livewire/update .. ~ 0.02ms
 2026-06-24 22:13:07 /livewire/update .. ~ 0.02ms
 2026-06-24 22:13:07 /livewire/update .. ~ 0.09ms
 2026-06-24 22:13:08 /livewire/update .. ~ 0.06ms
 2026-06-24 22:13:08 /livewire/update .. ~ 0.04ms
 2026-06-24 22:13:08 /livewire/update .. ~ 0.10ms
 2026-06-24 22:13:09 /livewire/update .. ~ 0.11ms
 2026-06-24 22:13:09 /livewire/update .. ~ 0.09ms
 2026-06-24 22:13:09 /livewire/update .. ~ 0.04ms
 2026-06-24 22:13:09 /livewire/update .. ~ 0.04ms
 2026-06-24 22:13:10 /livewire/update .. ~ 0.21ms
 2026-06-24 22:13:10 /livewire/update .. ~ 0.03ms
 2026-06-24 22:13:10 /livewire/update .. ~ 505.84ms
 2026-06-24 22:13:10 /livewire/update .. ~ 0.05ms
 2026-06-24 22:13:10 /livewire/update .. ~ 0.03ms
 2026-06-24 22:13:10 /livewire/update .. ~ 0.07ms
 2026-06-24 22:13:13 /livewire/update .. ~ 0.10ms
 2026-06-24 22:13:14 /livewire/update .. ~ 0.06ms
 2026-06-24 22:13:17 /livewire/update .. ~ 0.10ms
 2026-06-24 22:13:17 /livewire/update .. ~ 0.17ms
 2026-06-24 22:13:17 /livewire/update .. ~ 0.06ms
 2026-06-24 22:13:19 /livewire/update .. ~ 0.20ms
 2026-06-24 22:13:20 /livewire/update .. ~ 505.77ms
 2026-06-24 22:13:20 /livewire/update .. ~ 0.06ms
 2026-06-24 22:13:20 /livewire/update .. ~ 0.02ms
 2026-06-24 22:13:20 /livewire/update .. ~ 0.14ms
 2026-06-24 22:13:20 /livewire/update .. ~ 0.05ms
 2026-06-24 22:14:04 /register/3hk_VTIa1fi6eF7YfXgUEaPbgs1f8tbmiOy8jcUk-OU  ~ 0.10ms
 2026-06-24 22:14:04 /dashboard .. ~ 0.02ms
 2026-06-24 22:14:04 /build/assets/app-Dos8lyPe.css .. ~ 0.04ms
 2026-06-24 22:14:04 /build/assets/app-BjBB2vGm.js .. ~ 0.12ms
 2026-06-24 22:14:04 /images/brand/logo-horizontal.svg .. ~ 0.19ms
 2026-06-24 22:14:04 /build/assets/app-Dos8lyPe.css .. ~ 0.02ms
 2026-06-24 22:14:55 /register/3hk_VTIa1fi6eF7YfXgUEaPbgs1f8tbmiOy8jcUk-OU  ~ 0.10ms
 2026-06-24 22:14:55 /dashboard .. ~ 0.04ms
 2026-06-24 22:14:55 /build/assets/app-Dos8lyPe.css .. ~ 0.19ms
 2026-06-24 22:14:55 /build/assets/app-BjBB2vGm.js .. ~ 0.40ms
 2026-06-24 22:14:55 /images/brand/logo-horizontal.svg .. ~ 0.60ms
 2026-06-24 22:14:57 / .. ~ 513.79ms
 2026-06-24 22:14:57 /build/assets/app-Dos8lyPe.css .. ~ 0.06ms
 2026-06-24 22:14:58 /login .. ~ 500.36ms
 2026-06-24 22:15:02 /register/3hk_VTIa1fi6eF7YfXgUEaPbgs1f8tbmiOy8jcUk-OU  ~ 1s
 2026-06-24 22:15:09 /register/3hk_VTIa1fi6eF7YfXgUEaPbgs1f8tbmiOy8jcUk-OU  ~ 0.11ms
 2026-06-24 22:15:10 /livewire/update .. ~ 507.50ms
 2026-06-24 22:15:10 /tsp/dashboard .. ~ 2s
 2026-06-24 22:15:14 /register/3hk_VTIa1fi6eF7YfXgUEaPbgs1f8tbmiOy8jcUk-OU  ~ 0.07ms
 2026-06-24 22:15:20 /register/3hk_VTIa1fi6eF7YfXgUEaPbgs1f8tbmiOy8jcUk-OU  ~ 502.62ms
 2026-06-24 22:15:22 /tsp/tickets/2751482688 .. ~ 1s
 2026-06-24 22:15:23 /build/assets/app-Dos8lyPe.css .. ~ 506.45ms
 2026-06-24 22:15:23 /build/assets/app-BjBB2vGm.js .. ~ 0.06ms
 2026-06-24 22:15:23 /images/brand/logo-horizontal.svg .. ~ 0.18ms
 2026-06-24 22:15:23 /js/portal/offline-tsr.js .. ~ 0.32ms
 2026-06-24 22:15:24 /tsp/tickets/2751482688/tsr/status .. ~ 0.02ms
 2026-06-24 22:15:24 /livewire/update .. ~ 0.03ms
 2026-06-24 22:15:24 /tsp/tickets/2751482688/tsr/sync .. ~ 0.03ms
 2026-06-24 22:15:24 /broadcasting/auth .. ~ 1s
 2026-06-24 22:15:24 /favicon.ico .. ~ 1s
 2026-06-24 22:15:24 /broadcasting/auth .. ~ 3s
 2026-06-24 22:15:27 /register/3hk_VTIa1fi6eF7YfXgUEaPbgs1f8tbmiOy8jcUk-OU  ~ 0.04ms
 2026-06-24 22:15:29 /tsp/tickets/2751482688/tsr/status .. ~ 0.07ms
 2026-06-24 22:15:34 /tsp/tickets/2751482688/tsr/status .. ~ 0.16ms
 2026-06-24 22:15:39 /tsp/tickets/2751482688/tsr/status .. ~ 503.20ms
 2026-06-24 22:15:41 /livewire/update .. ~ 2s
 2026-06-24 22:15:43 /livewire/update .. ~ 0.05ms
 2026-06-24 22:15:44 /tsp/tickets/2751482688/tsr/status .. ~ 0.05ms
 2026-06-24 22:15:48 /livewire/update .. ~ 0.20ms
 2026-06-24 22:15:48 / .. ~ 0.05ms
 2026-06-24 22:15:48 /build/assets/app-Dos8lyPe.css .. ~ 0.05ms
 2026-06-24 22:15:49 /tsp/tickets/2751482688/tsr/status .. ~ 0.09ms
 2026-06-24 22:15:49 /login .. ~ 0.12ms
 2026-06-24 22:15:49 /login .. ~ 0.05ms
 2026-06-24 22:15:49 /images/brand/banner.svg .. ~ 0.11ms
 2026-06-24 22:15:54 /tsp/tickets/2751482688/tsr/status .. ~ 0.12ms
 2026-06-24 22:15:54 /login .. ~ 0.03ms
 2026-06-24 22:15:57 /livewire/update .. ~ 506.74ms
 2026-06-24 22:15:59 /tsp/tickets/2751482688/tsr/status .. ~ 0.07ms
 2026-06-24 22:15:59 /login .. ~ 0.02ms
 2026-06-24 22:16:02 /register/3hk_VTIa1fi6eF7YfXgUEaPbgs1f8tbmiOy8jcUk-OU  ~ 504.71ms
 2026-06-24 22:16:02 /livewire/update .. ~ 0.06ms
 2026-06-24 22:16:04 /tsp/tickets/2751482688/tsr/status .. ~ 0.12ms
 2026-06-24 22:16:04 /login .. ~ 0.05ms
 2026-06-24 22:16:06 /livewire/update .. ~ 509.49ms
 2026-06-24 22:16:09 /tsp/tickets/2751482688/tsr/status .. ~ 0.12ms
 2026-06-24 22:16:09 /login .. ~ 0.02ms
 2026-06-24 22:16:14 /tsp/tickets/2751482688/tsr/status .. ~ 0.14ms
 2026-06-24 22:16:14 /login .. ~ 0.03ms
 2026-06-24 22:16:19 /tsp/tickets/2751482688/tsr/status .. ~ 0.14ms
 2026-06-24 22:16:19 /login .. ~ 0.02ms
 2026-06-24 22:16:24 /tsp/tickets/2751482688/tsr/sync .. ~ 0.07ms
 2026-06-24 22:16:24 /tsp/tickets/2751482688/tsr/status .. ~ 0.18ms
 2026-06-24 22:16:24 /login .. ~ 0.07ms
 2026-06-24 22:16:24 /login .. ~ 0.02ms
 2026-06-24 22:16:29 /tsp/tickets/2751482688/tsr/status .. ~ 0.11ms
 2026-06-24 22:16:29 /login .. ~ 0.06ms
 2026-06-24 22:16:34 /tsp/tickets/2751482688/tsr/status .. ~ 0.10ms
 2026-06-24 22:16:34 /login .. ~ 0.02ms
 2026-06-24 22:16:39 /tsp/tickets/2751482688/tsr/status .. ~ 0.12ms
 2026-06-24 22:16:39 /login .. ~ 0.02ms
 2026-06-24 22:16:44 /tsp/tickets/2751482688/tsr/status .. ~ 0.09ms
 2026-06-24 22:16:44 /login .. ~ 0.02ms
 2026-06-24 22:16:49 /tsp/tickets/2751482688/tsr/status .. ~ 0.08ms
 2026-06-24 22:16:49 /login .. ~ 0.02ms
 2026-06-24 22:16:54 /tsp/tickets/2751482688/tsr/status .. ~ 0.25ms
 2026-06-24 22:16:54 /login .. ~ 0.04ms
 2026-06-24 22:16:59 /tsp/tickets/2751482688/tsr/status .. ~ 507.12ms
 2026-06-24 22:16:59 /login .. ~ 0.04ms
 2026-06-24 22:17:04 /tsp/tickets/2751482688/tsr/status .. ~ 0.20ms
 2026-06-24 22:17:04 /login .. ~ 0.04ms
 2026-06-24 22:17:09 /tsp/tickets/2751482688/tsr/status .. ~ 0.13ms
 2026-06-24 22:17:09 /login .. ~ 0.08ms
 2026-06-24 22:17:24 /tsp/tickets/2751482688/tsr/sync .. ~ 0.10ms
 2026-06-24 22:17:24 /login .. ~ 0.02ms
 2026-06-24 22:18:10 /tsp/tickets/2751482688/tsr/status .. ~ 0.20ms
 2026-06-24 22:18:10 /login .. ~ 0.03ms
 2026-06-24 22:18:24 /tsp/tickets/2751482688/tsr/sync .. ~ 0.15ms
 2026-06-24 22:18:24 /login .. ~ 0.03ms
 2026-06-24 22:19:07 /register/Qivy4gHNGtCEv1XiKgp_uFbXIFDh4jVFgrhj89dyw28  ~ 0.12ms
 2026-06-24 22:19:07 /livewire/update .. ~ 0.03ms
 2026-06-24 22:19:36 /register/Qivy4gHNGtCEv1XiKgp_uFbXIFDh4jVFgrhj89dyw28  ~ 0.17ms
 2026-06-24 22:19:36 /livewire/update .. ~ 0.11ms
 2026-06-24 22:21:10 /register/3hk_VTIa1fi6eF7YfXgUEaPbgs1f8tbmiOy8jcUk-OU  ~ 1s
 2026-06-24 22:21:11 /build/assets/app-Dos8lyPe.css .. ~ 0.05ms
 2026-06-24 22:21:11 /build/assets/app-BjBB2vGm.js .. ~ 0.15ms
 2026-06-24 22:21:11 /images/brand/banner.svg .. ~ 0.23ms
 2026-06-24 22:21:11 /images/brand/logo-horizontal.svg .. ~ 0.32ms
 2026-06-24 22:21:12 /build/assets/app-Dos8lyPe.css .. ~ 0.02ms
 2026-06-24 22:21:36 /livewire/update .. ~ 0.11ms
 2026-06-24 22:21:37 /livewire/update .. ~ 0.09ms
 2026-06-24 22:21:56 /livewire/update .. ~ 0.12ms
 2026-06-24 22:24:42 /livewire/update .. ~ 510.05ms
 2026-06-24 22:24:43 /livewire/update .. ~ 0.17ms
 2026-06-24 22:24:43 /livewire/update .. ~ 0.10ms
 2026-06-24 22:24:44 /livewire/update .. ~ 0.08ms
 2026-06-24 22:24:44 /livewire/update .. ~ 0.10ms
 2026-06-24 22:24:44 /livewire/update .. ~ 0.09ms
 2026-06-24 22:24:44 /livewire/update .. ~ 0.07ms
 2026-06-24 22:24:45 /livewire/update .. ~ 0.02ms
 2026-06-24 22:24:45 /livewire/update .. ~ 0.08ms
 2026-06-24 22:24:45 /livewire/update .. ~ 0.07ms
 2026-06-24 22:24:45 /livewire/update .. ~ 0.08ms
 2026-06-24 22:25:32 /register/3hk_VTIa1fi6eF7YfXgUEaPbgs1f8tbmiOy8jcUk-OU  ~ 506.95ms
 2026-06-24 22:25:32 /build/assets/app-Dos8lyPe.css .. ~ 0.04ms
 2026-06-24 22:25:32 /build/assets/app-BjBB2vGm.js .. ~ 0.14ms
 2026-06-24 22:25:32 /images/brand/banner.svg .. ~ 0.23ms
 2026-06-24 22:25:32 /images/brand/logo-horizontal.svg .. ~ 0.20ms
 2026-06-24 22:25:32 /build/assets/app-Dos8lyPe.css .. ~ 0.10ms
 2026-06-24 22:25:39 /livewire/update .. ~ 0.08ms
 2026-06-24 22:25:39 /livewire/update .. ~ 0.11ms
 2026-06-24 22:25:46 /livewire/update .. ~ 0.15ms
 2026-06-24 22:27:24 /livewire/update .. ~ 0.22ms
 2026-06-24 22:27:25 /livewire/update .. ~ 0.15ms
 2026-06-24 22:27:25 /livewire/update .. ~ 0.06ms
 2026-06-24 22:27:25 /livewire/update .. ~ 0.02ms
 2026-06-24 22:27:25 /livewire/update .. ~ 0.04ms
 2026-06-24 22:27:25 /livewire/update .. ~ 0.14ms
 2026-06-24 22:27:36 / .. ~ 0.10ms
 2026-06-24 22:27:36 /build/assets/app-Dos8lyPe.css .. ~ 0.03ms
 2026-06-24 22:27:39 /login .. ~ 506.45ms
 2026-06-24 22:27:45 /livewire/update .. ~ 499.93ms
 2026-06-24 22:27:45 /tsp/dashboard .. ~ 1s
 2026-06-24 22:27:50 /livewire/update .. ~ 0.09ms
 2026-06-24 22:27:50 / .. ~ 0.03ms
 2026-06-24 22:35:00 /login .. ~ 0.24ms
 2026-06-24 22:35:00 /build/assets/app-Dos8lyPe.css .. ~ 0.07ms
 2026-06-24 22:35:00 /build/assets/app-BjBB2vGm.js .. ~ 0.20ms
 2026-06-24 22:35:00 /images/brand/banner.svg .. ~ 0.34ms
 2026-06-24 22:35:00 /images/brand/logo-horizontal.svg .. ~ 0.46ms
 2026-06-24 22:35:36 /livewire/update .. ~ 0.14ms
 2026-06-24 22:35:36 /admin/invites .. ~ 0.03ms
 2026-06-24 22:35:37 /build/assets/app-Dos8lyPe.css .. ~ 0.16ms
 2026-06-24 22:36:22 /admin/invites .. ~ 0.12ms
 2026-06-24 22:36:22 /admin/invites .. ~ 0.03ms
 2026-06-24 22:36:22 /build/assets/app-Dos8lyPe.css .. ~ 0.03ms
 2026-06-24 22:36:22 /build/assets/app-BjBB2vGm.js .. ~ 0.04ms
 2026-06-24 22:36:22 /images/brand/logo-horizontal.svg .. ~ 0.15ms
 2026-06-24 22:36:22 /build/assets/app-Dos8lyPe.css .. ~ 0.03ms
 2026-06-24 22:37:04 /register/9pnEggp_U69Gpi728ixBvekr83gBwHHcXEprRarolk8  ~ 0.11ms
 2026-06-24 22:37:04 /dashboard .. ~ 0.08ms
 2026-06-24 22:37:05 /build/assets/app-Dos8lyPe.css .. ~ 0.04ms
 2026-06-24 22:37:05 /build/assets/app-BjBB2vGm.js .. ~ 0.11ms
 2026-06-24 22:37:05 /images/brand/logo-horizontal.svg .. ~ 0.19ms
 2026-06-24 22:37:05 /build/assets/app-Dos8lyPe.css .. ~ 0.02ms
 2026-06-24 22:37:29 /register/9pnEggp_U69Gpi728ixBvekr83gBwHHcXEprRarolk8  ~ 0.09ms
 2026-06-24 22:37:29 /build/assets/app-Dos8lyPe.css .. ~ 0.02ms
 2026-06-24 22:37:29 /build/assets/app-BjBB2vGm.js .. ~ 0.03ms
 2026-06-24 22:37:29 /images/brand/banner.svg .. ~ 0.10ms
 2026-06-24 22:37:29 /images/brand/logo-horizontal.svg .. ~ 0.18ms
 2026-06-24 22:37:29 /build/assets/app-Dos8lyPe.css .. ~ 0.09ms
 2026-06-24 22:38:07 /livewire/update .. ~ 0.14ms
 2026-06-24 22:38:07 /livewire/update .. ~ 0.02ms
 2026-06-24 22:41:54 /livewire/update .. ~ 0.12ms
 2026-06-24 22:41:54 /dashboard .. ~ 2s
 2026-06-24 22:41:57 /build/assets/app-Dos8lyPe.css .. ~ 0.03ms
 2026-06-24 22:44:51 /tsp/tickets/2751482688/tsr/status .. ~ 0.14ms
 2026-06-24 22:44:51 /tsp/tickets/2751482688/tsr/sync .. ~ 0.05ms
 2026-06-24 22:44:51 /login .. ~ 0.05ms
 2026-06-24 22:44:51 /login .. ~ 0.05ms
 2026-06-24 22:44:54 /tsp/tickets/2751482688/tsr/status .. ~ 0.18ms
 2026-06-24 22:44:54 /login .. ~ 0.05ms
 2026-06-24 22:44:54 /register/9pnEggp_U69Gpi728ixBvekr83gBwHHcXEprRarolk8  ~ 0.11ms
 2026-06-24 22:44:55 /build/assets/app-Dos8lyPe.css .. ~ 0.03ms
 2026-06-24 22:44:55 /build/assets/app-BjBB2vGm.js .. ~ 0.05ms
 2026-06-24 22:44:55 /images/brand/banner.svg .. ~ 0.13ms
 2026-06-24 22:44:55 /images/brand/logo-horizontal.svg .. ~ 0.22ms
 2026-06-24 22:45:04 /login .. ~ 0.19ms
 2026-06-24 22:45:04 /build/assets/app-Dos8lyPe.css .. ~ 0.11ms
 2026-06-24 22:46:07 /livewire/update .. ~ 0.10ms
 2026-06-24 22:46:07 / .. ~ 0.05ms
 2026-06-24 22:46:07 /build/assets/app-Dos8lyPe.css .. ~ 0.03ms
 2026-06-24 22:46:07 /login .. ~ 0.12ms
 2026-06-24 22:46:07 /images/brand/banner.svg .. ~ 0.06ms
 2026-06-24 22:46:17 /livewire/update .. ~ 506.51ms
 2026-06-24 22:46:17 /dashboard .. ~ 2s
 2026-06-24 23:14:46 /tickets/new .. ~ 1.09ms
 2026-06-24 23:14:46 /build/assets/app-Dos8lyPe.css .. ~ 0.06ms
 2026-06-24 23:14:46 /build/assets/app-BjBB2vGm.js .. ~ 0.17ms
 2026-06-24 23:14:46 /images/brand/logo-horizontal.svg .. ~ 0.27ms
 2026-06-24 23:14:46 /build/assets/app-Dos8lyPe.css .. ~ 0.02ms
 2026-06-24 23:14:51 /tickets/new .. ~ 0.26ms
 2026-06-24 23:14:51 /build/assets/app-Dos8lyPe.css .. ~ 0.46ms
 2026-06-24 23:14:51 /build/assets/app-BjBB2vGm.js .. ~ 1.06ms
 2026-06-24 23:14:51 /images/brand/logo-horizontal.svg .. ~ 1.54ms
 2026-06-24 23:14:51 /build/assets/app-Dos8lyPe.css .. ~ 0.08ms
 2026-06-24 23:14:53 /tickets/new .. ~ 0.09ms
 2026-06-24 23:14:53 /build/assets/app-Dos8lyPe.css .. ~ 0.16ms
 2026-06-24 23:14:53 /build/assets/app-BjBB2vGm.js .. ~ 0.32ms
 2026-06-24 23:14:53 /images/brand/logo-horizontal.svg .. ~ 0.52ms
 2026-06-24 23:14:53 /build/assets/app-Dos8lyPe.css .. ~ 0.04ms
 2026-06-24 23:14:54 /tickets/new .. ~ 0.06ms
 2026-06-24 23:14:54 /build/assets/app-Dos8lyPe.css .. ~ 0.03ms
 2026-06-24 23:14:54 /build/assets/app-BjBB2vGm.js .. ~ 0.09ms
 2026-06-24 23:14:54 /images/brand/logo-horizontal.svg .. ~ 0.16ms
 2026-06-24 23:14:54 /build/assets/app-Dos8lyPe.css .. ~ 0.02ms
 2026-06-24 23:15:19 /tickets/new .. ~ 0.13ms
 2026-06-24 23:15:19 /build/assets/app-Dos8lyPe.css .. ~ 0.11ms
 2026-06-24 23:15:19 /build/assets/app-BjBB2vGm.js .. ~ 0.32ms
 2026-06-24 23:15:19 /images/brand/logo-horizontal.svg .. ~ 0.78ms
 2026-06-24 23:15:19 /build/assets/app-Dos8lyPe.css .. ~ 0.02ms
 2026-06-24 23:17:37 /tickets/new .. ~ 0.09ms
 2026-06-24 23:17:37 /build/assets/app-Dos8lyPe.css .. ~ 0.04ms
 2026-06-24 23:17:37 /build/assets/app-BjBB2vGm.js .. ~ 0.11ms
 2026-06-24 23:17:37 /images/brand/logo-horizontal.svg .. ~ 0.18ms
 2026-06-24 23:17:37 /build/assets/app-Dos8lyPe.css .. ~ 0.02ms
 2026-06-24 23:19:03 /tickets/new .. ~ 0.14ms
 2026-06-24 23:19:03 /login .. ~ 0.04ms
 2026-06-24 23:19:24 /login .. ~ 1s
 2026-06-24 23:19:25 /tickets/new .. ~ 0.03ms
 2026-06-24 23:19:40 /tickets/new .. ~ 0.11ms
 2026-06-24 23:19:40 /build/assets/app-Dos8lyPe.css .. ~ 0.04ms
 2026-06-24 23:19:40 /build/assets/app-BjBB2vGm.js .. ~ 0.12ms
 2026-06-24 23:19:40 /images/brand/logo-horizontal.svg .. ~ 0.19ms
 2026-06-24 23:19:40 /build/assets/app-Dos8lyPe.css .. ~ 0.02ms
 2026-06-24 23:21:28 /tickets/new .. ~ 506.50ms
 2026-06-24 23:21:28 /build/assets/app-Dos8lyPe.css .. ~ 0.05ms
 2026-06-24 23:21:28 /build/assets/app-BjBB2vGm.js .. ~ 0.12ms
 2026-06-24 23:21:28 /images/brand/logo-horizontal.svg .. ~ 0.19ms
 2026-06-24 23:21:28 /build/assets/app-Dos8lyPe.css .. ~ 0.08ms
 2026-06-24 23:22:20 /tickets/new .. ~ 0.12ms
 2026-06-24 23:22:20 /build/assets/app-Dos8lyPe.css .. ~ 0.15ms
 2026-06-24 23:22:20 /build/assets/app-BjBB2vGm.js .. ~ 0.34ms
 2026-06-24 23:22:20 /images/brand/logo-horizontal.svg .. ~ 0.43ms
 2026-06-24 23:22:20 /build/assets/app-Dos8lyPe.css .. ~ 0.02ms
 2026-06-24 23:22:47 /login .. ~ 1s
 2026-06-24 23:22:48 /tickets/new .. ~ 0.03ms
 2026-06-24 23:22:54 /login .. ~ 506.91ms
 2026-06-24 23:22:54 /tickets/new .. ~ 0.08ms
 2026-06-24 23:24:57 /sanctum/csrf-cookie .. ~ 0.25ms
 2026-06-24 23:26:35 /tickets/new .. ~ 0.58ms
 2026-06-24 23:28:16 /login .. ~ 0.16ms
 2026-06-24 23:28:16 /build/assets/app-Dos8lyPe.css .. ~ 0.07ms
 2026-06-24 23:28:16 /build/assets/app-BjBB2vGm.js .. ~ 0.20ms
 2026-06-24 23:28:16 /images/brand/banner.svg .. ~ 0.26ms
 2026-06-24 23:28:16 /images/brand/logo-horizontal.svg .. ~ 0.34ms
 2026-06-24 23:28:16 /livewire/livewire.js .. ~ 0.25ms
 2026-06-24 23:28:16 /images/brand/favicon.svg .. ~ 0.02ms
 2026-06-24 23:28:28 /livewire/update .. ~ 506.54ms
 2026-06-24 23:28:28 /dashboard .. ~ 2s
 2026-06-24 23:28:30 /build/assets/app-Dos8lyPe.css .. ~ 0.03ms
 2026-06-24 23:28:37 /tickets/new .. ~ 0.20ms
 2026-06-24 23:28:37 /favicon.ico .. ~ 0.06ms
 2026-06-24 23:28:37 /build/assets/app-Dos8lyPe.css .. ~ 0.05ms
 2026-06-24 23:28:37 /build/assets/app-BjBB2vGm.js .. ~ 0.07ms
 2026-06-24 23:28:37 /images/brand/logo-horizontal.svg .. ~ 0.26ms
 2026-06-24 23:28:37 /build/assets/app-Dos8lyPe.css .. ~ 0.03ms
 2026-06-24 23:29:07 /tickets .. ~ 7s
 2026-06-24 23:29:14 /dashboard .. ~ 0.10ms
 2026-06-24 23:29:14 /build/assets/app-Dos8lyPe.css .. ~ 0.04ms
 2026-06-24 23:29:14 /build/assets/app-BjBB2vGm.js .. ~ 0.11ms
 2026-06-24 23:29:14 /images/brand/logo-horizontal.svg .. ~ 0.19ms
 2026-06-24 23:29:14 /build/assets/app-Dos8lyPe.css .. ~ 0.02ms
 2026-06-24 23:32:06 /login .. ~ 0.16ms
 2026-06-24 23:32:07 /dashboard .. ~ 2s
 2026-06-24 23:32:09 /build/assets/app-Dos8lyPe.css .. ~ 0.04ms
 2026-06-24 23:32:09 /build/assets/app-BjBB2vGm.js .. ~ 0.11ms
 2026-06-24 23:32:09 /images/brand/logo-horizontal.svg .. ~ 0.21ms
 2026-06-24 23:32:41 /tickets/new .. ~ 0.10ms
 2026-06-24 23:32:41 /build/assets/app-Dos8lyPe.css .. ~ 0.08ms
 2026-06-24 23:32:41 /build/assets/app-BjBB2vGm.js .. ~ 0.36ms
 2026-06-24 23:32:41 /images/brand/logo-horizontal.svg .. ~ 0.61ms
 2026-06-24 23:32:41 /build/assets/app-Dos8lyPe.css .. ~ 0.03ms
 2026-06-24 23:32:58 /tickets .. ~ 6s
 2026-06-24 23:33:05 /dashboard .. ~ 0.04ms
 2026-06-24 23:33:05 /build/assets/app-Dos8lyPe.css .. ~ 0.05ms
 2026-06-24 23:33:05 /build/assets/app-BjBB2vGm.js .. ~ 0.16ms
 2026-06-24 23:33:05 /images/brand/logo-horizontal.svg .. ~ 0.28ms
 2026-06-24 23:33:05 /build/assets/app-Dos8lyPe.css .. ~ 0.02ms
 2026-06-24 23:34:30 /tickets/new .. ~ 0.81ms
 2026-06-24 23:34:30 /build/assets/app-Dos8lyPe.css .. ~ 0.05ms
 2026-06-24 23:34:30 /build/assets/app-BjBB2vGm.js .. ~ 0.14ms
 2026-06-24 23:34:30 /images/brand/logo-horizontal.svg .. ~ 0.39ms
 2026-06-24 23:34:30 /build/assets/app-Dos8lyPe.css .. ~ 0.14ms
 2026-06-24 23:34:56 /tickets .. ~ 1s
 2026-06-24 23:34:57 /tickets/new .. ~ 0.03ms
 2026-06-24 23:34:58 /build/assets/app-Dos8lyPe.css .. ~ 0.21ms
 2026-06-24 23:34:58 /build/assets/app-BjBB2vGm.js .. ~ 0.28ms
 2026-06-24 23:34:58 /images/brand/logo-horizontal.svg .. ~ 0.31ms
 2026-06-24 23:34:58 /build/assets/app-Dos8lyPe.css .. ~ 0.05ms
 2026-06-24 23:35:07 /tickets .. ~ 4s
 2026-06-24 23:35:11 /dashboard .. ~ 0.05ms
 2026-06-24 23:35:11 /build/assets/app-Dos8lyPe.css .. ~ 0.05ms
 2026-06-24 23:35:11 /build/assets/app-BjBB2vGm.js .. ~ 0.13ms
 2026-06-24 23:35:11 /images/brand/logo-horizontal.svg .. ~ 0.20ms
 2026-06-24 23:35:11 /build/assets/app-Dos8lyPe.css .. ~ 0.02ms
 2026-06-24 23:36:15 /dashboard .. ~ 502.28ms
 2026-06-24 23:36:15 /build/assets/app-Dos8lyPe.css .. ~ 0.04ms
 2026-06-24 23:36:15 /build/assets/app-BjBB2vGm.js .. ~ 0.11ms
 2026-06-24 23:36:15 /images/brand/logo-horizontal.svg .. ~ 0.18ms
 2026-06-24 23:36:15 /build/assets/app-Dos8lyPe.css .. ~ 0.02ms
 2026-06-24 23:43:02 /tickets/new .. ~ 0.54ms
 2026-06-24 23:47:08 /dashboard .. ~ 2s
 2026-06-24 23:47:10 /build/assets/app-Dos8lyPe.css .. ~ 0.10ms
 2026-06-24 23:47:10 /build/assets/app-BjBB2vGm.js .. ~ 0.18ms
 2026-06-24 23:47:10 /images/brand/logo-horizontal.svg .. ~ 0.23ms
 2026-06-24 23:47:10 /build/assets/app-Dos8lyPe.css .. ~ 0.02ms
 2026-06-24 23:59:09 /dashboard .. ~ 2s
 2026-06-24 23:59:11 /build/assets/app-Dos8lyPe.css .. ~ 0.04ms
 2026-06-24 23:59:11 /build/assets/app-BjBB2vGm.js .. ~ 0.15ms
 2026-06-24 23:59:11 /images/brand/logo-horizontal.svg .. ~ 0.30ms
 2026-06-24 23:59:12 /build/assets/app-Dos8lyPe.css .. ~ 0.05ms
 2026-06-24 23:59:23 /dashboard .. ~ 0.13ms
 2026-06-24 23:59:23 /build/assets/app-Dos8lyPe.css .. ~ 0.04ms
 2026-06-24 23:59:23 /build/assets/app-BjBB2vGm.js .. ~ 0.12ms
 2026-06-24 23:59:23 /images/brand/logo-horizontal.svg .. ~ 0.19ms
 2026-06-24 23:59:23 /build/assets/app-Dos8lyPe.css .. ~ 0.32ms
 2026-06-24 23:59:26 /dashboard .. ~ 0.09ms
 2026-06-24 23:59:26 /build/assets/app-Dos8lyPe.css .. ~ 0.09ms
 2026-06-24 23:59:26 /build/assets/app-BjBB2vGm.js .. ~ 0.25ms
 2026-06-24 23:59:26 /images/brand/logo-horizontal.svg .. ~ 0.47ms
 2026-06-24 23:59:26 /build/assets/app-Dos8lyPe.css .. ~ 0.09ms
 2026-06-24 23:59:26 /dashboard .. ~ 0.40ms
 2026-06-24 23:59:27 /build/assets/app-Dos8lyPe.css .. ~ 0.47ms
 2026-06-24 23:59:27 /build/assets/app-BjBB2vGm.js .. ~ 1.06ms
 2026-06-24 23:59:27 /images/brand/logo-horizontal.svg .. ~ 1.26ms
 2026-06-24 23:59:27 /build/assets/app-Dos8lyPe.css .. ~ 0.14ms
 2026-06-24 23:59:27 /dashboard .. ~ 0.06ms
 2026-06-24 23:59:27 /build/assets/app-Dos8lyPe.css .. ~ 0.05ms
 2026-06-24 23:59:27 /build/assets/app-BjBB2vGm.js .. ~ 0.12ms
 2026-06-24 23:59:27 /images/brand/logo-horizontal.svg .. ~ 0.19ms
 2026-06-24 23:59:27 /build/assets/app-Dos8lyPe.css .. ~ 0.02ms
 2026-06-24 23:59:28 /dashboard .. ~ 0.02ms
 2026-06-24 23:59:28 /build/assets/app-Dos8lyPe.css .. ~ 0.03ms
 2026-06-24 23:59:28 /build/assets/app-BjBB2vGm.js .. ~ 0.10ms
 2026-06-24 23:59:28 /images/brand/logo-horizontal.svg .. ~ 0.17ms
 2026-06-24 23:59:28 /build/assets/app-Dos8lyPe.css .. ~ 0.02ms
 2026-06-24 23:59:28 /dashboard .. ~ 0.09ms
 2026-06-24 23:59:28 /build/assets/app-Dos8lyPe.css .. ~ 0.08ms
 2026-06-24 23:59:28 /build/assets/app-BjBB2vGm.js .. ~ 0.17ms
 2026-06-24 23:59:28 /images/brand/logo-horizontal.svg .. ~ 0.24ms
 2026-06-24 23:59:28 /build/assets/app-Dos8lyPe.css .. ~ 0.02ms
 2026-06-24 23:59:28 /dashboard .. ~ 0.03ms
 2026-06-24 23:59:28 /build/assets/app-Dos8lyPe.css .. ~ 0.09ms
 2026-06-24 23:59:28 /build/assets/app-BjBB2vGm.js .. ~ 0.36ms
 2026-06-24 23:59:28 /images/brand/logo-horizontal.svg .. ~ 0.51ms
 2026-06-24 23:59:28 /build/assets/app-Dos8lyPe.css .. ~ 0.03ms
 2026-06-24 23:59:28 /dashboard .. ~ 0.02ms
 2026-06-24 23:59:28 /build/assets/app-Dos8lyPe.css .. ~ 0.15ms
 2026-06-24 23:59:28 /build/assets/app-BjBB2vGm.js .. ~ 0.24ms
 2026-06-24 23:59:28 /images/brand/logo-horizontal.svg .. ~ 0.30ms
 2026-06-24 23:59:28 /build/assets/app-Dos8lyPe.css .. ~ 0.02ms
 2026-06-24 23:59:29 /dashboard .. ~ 0.02ms
 2026-06-24 23:59:29 /build/assets/app-Dos8lyPe.css .. ~ 0.10ms
 2026-06-24 23:59:29 /build/assets/app-BjBB2vGm.js .. ~ 0.29ms
 2026-06-24 23:59:29 /images/brand/logo-horizontal.svg .. ~ 0.48ms
 2026-06-24 23:59:29 /build/assets/app-Dos8lyPe.css .. ~ 0.05ms
 2026-06-24 23:59:29 /dashboard .. ~ 0.03ms
 2026-06-24 23:59:29 /build/assets/app-Dos8lyPe.css .. ~ 0.09ms
 2026-06-24 23:59:29 /build/assets/app-BjBB2vGm.js .. ~ 0.26ms
 2026-06-24 23:59:29 /images/brand/logo-horizontal.svg .. ~ 0.42ms
 2026-06-24 23:59:29 /build/assets/app-Dos8lyPe.css .. ~ 0.04ms
 2026-06-24 23:59:29 /dashboard .. ~ 0.08ms
 2026-06-24 23:59:29 /build/assets/app-Dos8lyPe.css .. ~ 0.06ms
 2026-06-24 23:59:29 /build/assets/app-BjBB2vGm.js .. ~ 0.13ms
 2026-06-24 23:59:29 /images/brand/logo-horizontal.svg .. ~ 0.21ms
 2026-06-24 23:59:29 /build/assets/app-Dos8lyPe.css .. ~ 0.02ms
 2026-06-24 23:59:29 /dashboard .. ~ 0.02ms
 2026-06-24 23:59:29 /build/assets/app-Dos8lyPe.css .. ~ 0.08ms
 2026-06-24 23:59:29 /build/assets/app-BjBB2vGm.js .. ~ 0.36ms
 2026-06-24 23:59:29 /images/brand/logo-horizontal.svg .. ~ 0.70ms
 2026-06-24 23:59:29 /build/assets/app-Dos8lyPe.css .. ~ 0.03ms
 2026-06-24 23:59:30 /dashboard .. ~ 0.17ms
 2026-06-24 23:59:30 /build/assets/app-Dos8lyPe.css .. ~ 0.12ms
 2026-06-24 23:59:30 /dashboard .. ~ 0.07ms
 2026-06-24 23:59:30 /dashboard .. ~ 0.09ms
 2026-06-24 23:59:31 /dashboard .. ~ 0.03ms
 2026-06-24 23:59:31 /dashboard .. ~ 0.13ms
 2026-06-24 23:59:31 /dashboard .. ~ 0.03ms
 2026-06-24 23:59:32 /dashboard .. ~ 0.06ms
 2026-06-24 23:59:32 /dashboard .. ~ 0.02ms
 2026-06-24 23:59:33 /dashboard .. ~ 0.08ms
 2026-06-24 23:59:33 /build/assets/app-Dos8lyPe.css .. ~ 0.03ms
 2026-06-24 23:59:33 /build/assets/app-BjBB2vGm.js .. ~ 0.11ms
 2026-06-24 23:59:33 /images/brand/logo-horizontal.svg .. ~ 0.19ms
 2026-06-24 23:59:33 /dashboard .. ~ 0.07ms
 2026-06-24 23:59:33 /build/assets/app-Dos8lyPe.css .. ~ 0.08ms
 2026-06-24 23:59:33 /build/assets/app-BjBB2vGm.js .. ~ 0.23ms
 2026-06-24 23:59:33 /images/brand/logo-horizontal.svg .. ~ 0.51ms
 2026-06-24 23:59:33 /build/assets/app-Dos8lyPe.css .. ~ 0.04ms
 2026-06-24 23:59:34 /tickets/2755799664 .. ~ 5s
 2026-06-24 23:59:39 /build/assets/app-Dos8lyPe.css .. ~ 0.08ms
 2026-06-24 23:59:39 /build/assets/app-BjBB2vGm.js .. ~ 0.23ms
 2026-06-24 23:59:39 /images/brand/logo-horizontal.svg .. ~ 0.37ms
 2026-06-24 23:59:39 /build/assets/app-Dos8lyPe.css .. ~ 0.03ms
 2026-06-24 23:59:41 /dashboard .. ~ 2s
 2026-06-24 23:59:43 /build/assets/app-Dos8lyPe.css .. ~ 0.08ms
 2026-06-24 23:59:43 /build/assets/app-BjBB2vGm.js .. ~ 0.14ms
 2026-06-24 23:59:43 /images/brand/logo-horizontal.svg .. ~ 0.20ms
 2026-06-24 23:59:43 /build/assets/app-Dos8lyPe.css .. ~ 0.02ms
 2026-06-24 23:59:45 /tickets/2755772642 .. ~ 4s
 2026-06-24 23:59:49 /build/assets/app-Dos8lyPe.css .. ~ 0.04ms
 2026-06-24 23:59:49 /build/assets/app-BjBB2vGm.js .. ~ 0.13ms
 2026-06-24 23:59:49 /images/brand/logo-horizontal.svg .. ~ 0.23ms
 2026-06-24 23:59:49 /build/assets/app-Dos8lyPe.css .. ~ 0.02ms
 2026-06-24 23:59:49 /broadcasting/auth .. ~ 4s
 2026-06-24 23:59:49 /broadcasting/auth .. ~ 8s
 2026-06-25 00:00:00 /dashboard .. ~ 0.10ms
 2026-06-25 00:00:00 /build/assets/app-Dos8lyPe.css .. ~ 0.04ms
 2026-06-25 00:00:00 /build/assets/app-BjBB2vGm.js .. ~ 0.11ms
 2026-06-25 00:00:00 /images/brand/logo-horizontal.svg .. ~ 0.18ms
 2026-06-25 00:00:00 /build/assets/app-Dos8lyPe.css .. ~ 0.02ms
 2026-06-25 00:00:06 /profile .. ~ 0.12ms
 2026-06-25 00:00:06 /build/assets/app-Dos8lyPe.css .. ~ 0.05ms
 2026-06-25 00:00:09 /dashboard .. ~ 0.08ms
 2026-06-25 00:00:11 /profile .. ~ 0.14ms
 2026-06-25 00:04:16 /logout .. ~ 507.13ms
 2026-06-25 00:04:20 /profile .. ~ 0.09ms
 2026-06-25 00:04:20 /build/assets/app-Dos8lyPe.css .. ~ 0.04ms
 2026-06-25 00:04:20 /build/assets/app-BjBB2vGm.js .. ~ 0.06ms
 2026-06-25 00:04:20 /images/brand/logo-horizontal.svg .. ~ 0.18ms
 2026-06-25 00:04:20 /build/assets/app-Dos8lyPe.css .. ~ 0.12ms
 2026-06-25 00:06:33 /login .. ~ 0.37ms
 2026-06-25 00:06:33 /dashboard .. ~ 2s
 2026-06-25 00:06:35 /build/assets/app-Dos8lyPe.css .. ~ 0.04ms
 2026-06-25 00:06:35 /build/assets/app-BjBB2vGm.js .. ~ 0.12ms
 2026-06-25 00:06:35 /images/brand/logo-horizontal.svg .. ~ 0.19ms
 2026-06-25 00:06:35 /build/assets/app-Dos8lyPe.css .. ~ 0.02ms
 2026-06-25 00:07:01 /logout .. ~ 0.11ms
 2026-06-25 00:08:07 /login .. ~ 0.14ms
 2026-06-25 00:08:07 /build/assets/app-Dos8lyPe.css .. ~ 0.10ms
 2026-06-25 00:08:07 /build/assets/app-BjBB2vGm.js .. ~ 0.29ms
 2026-06-25 00:08:07 /images/brand/banner.svg .. ~ 0.47ms
 2026-06-25 00:08:07 /images/brand/logo-horizontal.svg .. ~ 0.70ms
 2026-06-25 00:08:30 /livewire/update .. ~ 516.87ms
 2026-06-25 00:08:30 /admin/invites .. ~ 0.02ms
 2026-06-25 00:08:30 /build/assets/app-Dos8lyPe.css .. ~ 0.02ms
 2026-06-25 00:08:47 /admin/deletion-requests .. ~ 509.16ms
 2026-06-25 00:08:55 /admin/deletion-requests/1/approve .. ~ 0.07ms
 2026-06-25 00:08:55 /admin/deletion-requests .. ~ 0.02ms
 2026-06-25 00:08:55 /build/assets/app-Dos8lyPe.css .. ~ 0.03ms
 2026-06-25 00:08:55 /build/assets/app-BjBB2vGm.js .. ~ 0.10ms
 2026-06-25 00:08:55 /images/brand/logo-horizontal.svg .. ~ 0.09ms
 2026-06-25 00:08:55 /build/assets/app-Dos8lyPe.css .. ~ 0.02ms
 2026-06-25 00:09:30 /admin/deletion-requests .. ~ 501.88ms
 2026-06-25 00:09:30 /build/assets/app-Dos8lyPe.css .. ~ 0.04ms
 2026-06-25 00:09:30 /build/assets/app-BjBB2vGm.js .. ~ 0.11ms
 2026-06-25 00:09:30 /images/brand/logo-horizontal.svg .. ~ 0.17ms
 2026-06-25 00:09:30 /build/assets/app-Dos8lyPe.css .. ~ 0.10ms
 2026-06-25 00:09:36 /admin/deletion-requests/2/reject .. ~ 0.07ms
 2026-06-25 00:09:36 /admin/deletion-requests .. ~ 0.02ms
 2026-06-25 00:09:36 /build/assets/app-Dos8lyPe.css .. ~ 0.04ms
 2026-06-25 00:09:36 /build/assets/app-BjBB2vGm.js .. ~ 0.12ms
 2026-06-25 00:09:36 /images/brand/logo-horizontal.svg .. ~ 0.21ms
 2026-06-25 00:09:36 /build/assets/app-Dos8lyPe.css .. ~ 0.02ms
 2026-06-25 00:10:09 /login .. ~ 0.11ms
 2026-06-25 00:10:09 /build/assets/app-Dos8lyPe.css .. ~ 0.02ms
 2026-06-25 00:10:09 /build/assets/app-BjBB2vGm.js .. ~ 0.03ms
 2026-06-25 00:10:09 /images/brand/banner.svg .. ~ 0.12ms
 2026-06-25 00:10:09 /images/brand/logo-horizontal.svg .. ~ 0.25ms
 2026-06-25 00:10:09 /build/assets/app-Dos8lyPe.css .. ~ 0.02ms
 2026-06-25 00:10:30 /livewire/update .. ~ 508.69ms
 2026-06-25 00:10:30 /dashboard .. ~ 1s
 2026-06-25 00:10:32 /build/assets/app-Dos8lyPe.css .. ~ 0.06ms
 2026-06-25 00:10:39 /profile .. ~ 0.13ms
 2026-06-25 00:10:39 /build/assets/app-Dos8lyPe.css .. ~ 0.04ms
 2026-06-25 00:10:39 /build/assets/app-BjBB2vGm.js .. ~ 0.05ms
 2026-06-25 00:10:39 /images/brand/logo-horizontal.svg .. ~ 0.20ms
 2026-06-25 00:10:39 /build/assets/app-Dos8lyPe.css .. ~ 0.04ms
 2026-06-25 00:10:45 /profile/deletion-request/cancel .. ~ 0.07ms
 2026-06-25 00:10:45 /profile .. ~ 0.02ms
 2026-06-25 00:10:45 /build/assets/app-Dos8lyPe.css .. ~ 0.03ms
 2026-06-25 00:10:45 /build/assets/app-BjBB2vGm.js .. ~ 0.09ms
 2026-06-25 00:10:45 /images/brand/logo-horizontal.svg .. ~ 0.16ms
 2026-06-25 00:10:45 /build/assets/app-Dos8lyPe.css .. ~ 0.02ms
 2026-06-25 00:11:23 /login .. ~ 503.97ms
 2026-06-25 00:11:23 /build/assets/app-Dos8lyPe.css .. ~ 0.02ms
 2026-06-25 00:11:23 /build/assets/app-BjBB2vGm.js .. ~ 0.03ms
 2026-06-25 00:11:23 /images/brand/banner.svg .. ~ 0.10ms
 2026-06-25 00:11:23 /images/brand/logo-horizontal.svg .. ~ 0.17ms
 2026-06-25 00:11:23 /build/assets/app-Dos8lyPe.css .. ~ 0.02ms
 2026-06-25 00:11:32 /livewire/update .. ~ 500.51ms
 2026-06-25 00:11:33 /admin/kpi .. ~ 0.06ms
 2026-06-25 00:11:33 /build/assets/app-Dos8lyPe.css .. ~ 0.05ms
 2026-06-25 00:11:40 /admin/deletion-requests .. ~ 0.10ms
 2026-06-25 00:11:40 /build/assets/app-Dos8lyPe.css .. ~ 0.04ms
 2026-06-25 00:11:40 /build/assets/app-BjBB2vGm.js .. ~ 0.49ms
 2026-06-25 00:11:40 /images/brand/logo-horizontal.svg .. ~ 0.04ms
 2026-06-25 00:11:40 /build/assets/app-Dos8lyPe.css .. ~ 0.10ms
 2026-06-25 00:11:47 /login .. ~ 0.12ms
 2026-06-25 00:11:47 /build/assets/app-Dos8lyPe.css .. ~ 0.05ms
 2026-06-25 00:11:47 /build/assets/app-BjBB2vGm.js .. ~ 0.23ms
 2026-06-25 00:11:47 /images/brand/banner.svg .. ~ 0.17ms
 2026-06-25 00:11:47 /images/brand/logo-horizontal.svg .. ~ 0.30ms
 2026-06-25 00:11:47 /build/assets/app-Dos8lyPe.css .. ~ 0.03ms
 2026-06-25 00:11:57 /livewire/update .. ~ 0.11ms
 2026-06-25 00:11:57 /admin/invites .. ~ 0.05ms
 2026-06-25 00:11:57 /build/assets/app-Dos8lyPe.css .. ~ 0.11ms
 2026-06-25 00:12:01 /profile .. ~ 0.17ms
 2026-06-25 00:12:01 /build/assets/app-Dos8lyPe.css .. ~ 505.46ms
 2026-06-25 00:12:01 /build/assets/app-BjBB2vGm.js .. ~ 0.27ms
 2026-06-25 00:12:01 /images/brand/logo-horizontal.svg .. ~ 0.02ms
 2026-06-25 00:12:01 /build/assets/app-Dos8lyPe.css .. ~ 0.02ms
 2026-06-25 00:14:15 /admin/deletion-requests .. ~ 0.17ms
 2026-06-25 00:14:16 /build/assets/app-Dos8lyPe.css .. ~ 0.07ms
 2026-06-25 00:14:21 /admin/kpi .. ~ 0.09ms
 2026-06-25 00:14:22 /admin/invites .. ~ 0.07ms
 2026-06-25 00:14:27 /livewire/update .. ~ 0.19ms
 2026-06-25 00:14:27 / .. ~ 0.07ms
 2026-06-25 00:14:30 /login .. ~ 0.07ms
 2026-06-25 00:14:30 /images/brand/banner.svg .. ~ 0.02ms
